<?xml version="1.0" encoding="UTF-8" ?>
<testsuite tests="2" failures="0" name="zenika.smells.autres.escalier.exo2.MusicSearchServiceTest" time="0.647" errors="0" skipped="0">
  <properties>
[...]
</properties>
  <testcase classname="zenika.smells.autres.escalier.exo2.MusicSearchServiceTest" name="should_find_cord_instruments_used_in_long_tracks" time="0.502"/>
  <testcase classname="zenika.smells.autres.escalier.exo2.MusicSearchServiceTest" name="should_count_total_running_time" time="0.027"/>
</testsuite>