<?xml version="1.0" encoding="UTF-8" ?>
<testsuite tests="10" failures="0" name="zenika.smells.mf.primitive.exo1.CreneauHoraireTest" time="0.458" errors="0" skipped="0">
  <properties>
[...]
</properties>
  <testcase classname="zenika.smells.mf.primitive.exo1.CreneauHoraireTest" name="un_creneau_chevauchant_le_bord_droit_devrait_chevaucher" time="0.002"/>
  <testcase classname="zenika.smells.mf.primitive.exo1.CreneauHoraireTest" name="un_creneau_strictement_posterieur_ne_devrait_pas_chevaucher" time="0"/>
  <testcase classname="zenika.smells.mf.primitive.exo1.CreneauHoraireTest" name="un_creneau_chevauchant_le_bord_gauche_devrait_chevaucher" time="0"/>
  <testcase classname="zenika.smells.mf.primitive.exo1.CreneauHoraireTest" name="un_creneau_dont_la_fin_est_anterieure_au_debut_devrait_etre_rejete" time="0"/>
  <testcase classname="zenika.smells.mf.primitive.exo1.CreneauHoraireTest" name="un_creneau_vide_devrait_etre_rejete" time="0"/>
  <testcase classname="zenika.smells.mf.primitive.exo1.CreneauHoraireTest" name="un_creneau_strictement_inclus_devrait_chevaucher" time="0"/>
  <testcase classname="zenika.smells.mf.primitive.exo1.CreneauHoraireTest" name="un_creneau_frolant_le_bord_gauche_ne_devrait_pas_chevaucher" time="0"/>
  <testcase classname="zenika.smells.mf.primitive.exo1.CreneauHoraireTest" name="un_creneau_frolant_le_bord_droit_ne_devrait_pas_chevaucher" time="0"/>
  <testcase classname="zenika.smells.mf.primitive.exo1.CreneauHoraireTest" name="deux_creneaux_a_des_jours_differents_ne_devraient_pas_se_chevaucher" time="0"/>
  <testcase classname="zenika.smells.mf.primitive.exo1.CreneauHoraireTest" name="un_creneau_strictement_anterieur_ne_devrait_pas_chevaucher" time="0"/>
</testsuite>